[2018-04-16 16:38:46,377] [WARNING] Not Found: /
[2018-04-16 16:39:43,442] [WARNING] Not Found: /home
[2018-04-16 16:39:57,118] [WARNING] Not Found: /home
[2018-04-16 16:41:15,819] [WARNING] Not Found: /404.html
[2018-04-16 16:41:18,116] [WARNING] Not Found: /404.html
[2018-04-16 16:43:14,040] [WARNING] Not Found: /accounts/login/
[2018-04-16 17:16:29,082] [WARNING] Not Found: /404.html
[2018-04-16 17:16:29,247] [WARNING] Not Found: /404.html
[2018-04-16 17:18:02,926] [WARNING] Not Found: /404.html
[2018-04-16 17:18:03,072] [WARNING] Not Found: /404.html
[2018-04-16 17:19:09,996] [WARNING] Not Found: /404.html
[2018-04-16 17:19:10,171] [WARNING] Not Found: /404.html
[2018-04-16 17:19:40,587] [WARNING] Not Found: /404.html
[2018-04-16 17:19:40,599] [WARNING] Not Found: /404.html
[2018-04-16 17:20:10,045] [WARNING] Not Found: /accounts/login/
[2018-04-16 17:33:36,538] [WARNING] Not Found: /404.html
[2018-04-16 17:33:36,560] [WARNING] Not Found: /404.html
[2018-04-16 17:33:36,702] [WARNING] Not Found: /404.html
[2018-04-16 17:33:47,714] [WARNING] Not Found: /404.html
[2018-04-16 17:33:47,724] [WARNING] Not Found: /404.html
[2018-04-16 17:33:47,815] [WARNING] Not Found: /404.html
[2018-04-16 17:33:51,357] [WARNING] Not Found: /404.html
[2018-04-16 17:33:51,369] [WARNING] Not Found: /404.html
[2018-04-16 17:33:51,444] [WARNING] Not Found: /404.html
[2018-04-16 17:34:16,511] [WARNING] Not Found: /404.html
[2018-04-16 17:34:16,514] [WARNING] Not Found: /404.html
[2018-04-16 17:34:16,587] [WARNING] Not Found: /404.html
[2018-04-16 17:36:20,709] [WARNING] Not Found: /404.html
[2018-04-16 17:36:20,711] [WARNING] Not Found: /404.html
[2018-04-16 17:36:51,290] [WARNING] Not Found: /404.html
[2018-04-16 17:36:51,299] [WARNING] Not Found: /404.html
[2018-04-16 20:32:37,939] [WARNING] Forbidden (CSRF token missing or incorrect.): /check_username/
[2018-04-16 20:32:46,109] [WARNING] Forbidden (CSRF token missing or incorrect.): /check_username/
[2018-04-16 20:35:34,453] [WARNING] Forbidden (CSRF token missing or incorrect.): /check_username/
[2018-04-16 20:36:02,376] [WARNING] Not Found: /404.html
[2018-04-16 20:37:30,727] [WARNING] Not Found: /404.html
[2018-04-16 20:38:35,141] [WARNING] Not Found: /404.html
[2018-04-16 20:38:47,254] [WARNING] Forbidden (CSRF token missing or incorrect.): /check_username/
[2018-04-16 20:47:20,765] [ERROR] Internal Server Error: /_permissions_query/
Traceback (most recent call last):
  File "/home/zhou/.local/lib/python3.5/site-packages/django/core/handlers/exception.py", line 35, in inner
    response = get_response(request)
  File "/home/zhou/.local/lib/python3.5/site-packages/django/core/handlers/base.py", line 128, in _get_response
    response = self.process_exception_by_middleware(e, request)
  File "/home/zhou/.local/lib/python3.5/site-packages/django/core/handlers/base.py", line 126, in _get_response
    response = wrapped_callback(request, *callback_args, **callback_kwargs)
  File "./web/views.py", line 229, in _permissions_query
    users_temp = User.objects.filter(username=message)
NameError: name 'message' is not defined
[2018-04-16 20:52:23,575] [WARNING] Forbidden (CSRF token missing or incorrect.): /check_username/
[2018-04-16 20:53:34,948] [ERROR] Internal Server Error: /_permissions_query/
Traceback (most recent call last):
  File "/home/zhou/.local/lib/python3.5/site-packages/django/core/handlers/exception.py", line 35, in inner
    response = get_response(request)
  File "/home/zhou/.local/lib/python3.5/site-packages/django/core/handlers/base.py", line 128, in _get_response
    response = self.process_exception_by_middleware(e, request)
  File "/home/zhou/.local/lib/python3.5/site-packages/django/core/handlers/base.py", line 126, in _get_response
    response = wrapped_callback(request, *callback_args, **callback_kwargs)
  File "./web/views.py", line 229, in _permissions_query
    users_temp = User.objects.filter(username=message)
NameError: name 'message' is not defined
[2018-04-16 20:53:42,275] [WARNING] Not Found: /404.html
[2018-04-16 20:53:51,334] [WARNING] Not Found: /accounts/login/
[2018-04-16 20:54:03,694] [WARNING] Forbidden (CSRF token missing or incorrect.): /check_username/
[2018-04-16 20:58:38,307] [ERROR] Internal Server Error: /_permissions_query/
Traceback (most recent call last):
  File "/home/zhou/.local/lib/python3.5/site-packages/django/core/handlers/exception.py", line 35, in inner
    response = get_response(request)
  File "/home/zhou/.local/lib/python3.5/site-packages/django/core/handlers/base.py", line 128, in _get_response
    response = self.process_exception_by_middleware(e, request)
  File "/home/zhou/.local/lib/python3.5/site-packages/django/core/handlers/base.py", line 126, in _get_response
    response = wrapped_callback(request, *callback_args, **callback_kwargs)
  File "./web/views.py", line 229, in _permissions_query
    users_temp = User.objects.filter(username=message)
NameError: name 'message' is not defined
[2018-04-16 21:00:07,224] [ERROR] Internal Server Error: /_permissions_query/
Traceback (most recent call last):
  File "/home/zhou/.local/lib/python3.5/site-packages/django/core/handlers/exception.py", line 35, in inner
    response = get_response(request)
  File "/home/zhou/.local/lib/python3.5/site-packages/django/core/handlers/base.py", line 128, in _get_response
    response = self.process_exception_by_middleware(e, request)
  File "/home/zhou/.local/lib/python3.5/site-packages/django/core/handlers/base.py", line 126, in _get_response
    response = wrapped_callback(request, *callback_args, **callback_kwargs)
  File "./web/views.py", line 229, in _permissions_query
    users_temp = User.objects.filter(username=message)
NameError: name 'message' is not defined
[2018-04-16 21:00:53,311] [ERROR] Internal Server Error: /_permissions_query/
Traceback (most recent call last):
  File "/home/zhou/.local/lib/python3.5/site-packages/django/core/handlers/exception.py", line 35, in inner
    response = get_response(request)
  File "/home/zhou/.local/lib/python3.5/site-packages/django/core/handlers/base.py", line 128, in _get_response
    response = self.process_exception_by_middleware(e, request)
  File "/home/zhou/.local/lib/python3.5/site-packages/django/core/handlers/base.py", line 126, in _get_response
    response = wrapped_callback(request, *callback_args, **callback_kwargs)
  File "./web/views.py", line 229, in _permissions_query
    users_temp = User.objects.filter(username=message)
NameError: name 'message' is not defined
[2018-04-16 21:07:40,030] [WARNING] Not Found: /404.html
[2018-04-16 21:07:45,431] [WARNING] Not Found: /accounts/login/
[2018-04-16 21:08:03,852] [WARNING] Not Found: /accounts/login/
